
** (eclipse:21403): WARNING **: Couldn't connect to accessibility bus: Failed to connect to socket /tmp/dbus-9J4ePBri6p: Connection refused
Java HotSpot(TM) 64-Bit Server VM warning: ignoring option MaxPermSize=256m; support was removed in 8.0

** (java:21404): WARNING **: Couldn't connect to accessibility bus: Failed to connect to socket /tmp/dbus-9J4ePBri6p: Connection refused
org.eclipse.m2e.logback.configuration: The org.eclipse.m2e.logback.configuration bundle was activated before the state location was initialized.  Will retry after the state location is initialized.
[org.eclipse.core.resources] error can't determine modifiers of missing type org.eclipse.pde.internal.ui.wizards.imports.PluginImportHelper
when weaving type org.eclipse.core.resources.IContainer
when weaving classes 
when weaving 
 [Xlint:cantFindType]
org.eclipse.m2e.logback.configuration: Logback config file: /home/samkit/workspace/.metadata/.plugins/org.eclipse.m2e.logback.configuration/logback.1.6.2.20150902-0002.xml
SLF4J: Class path contains multiple SLF4J bindings.
SLF4J: Found binding in [bundleresource://460.fwk1609960076:1/org/slf4j/impl/StaticLoggerBinder.class]
SLF4J: Found binding in [bundleresource://460.fwk1609960076:2/org/slf4j/impl/StaticLoggerBinder.class]
SLF4J: See http://www.slf4j.org/codes.html#multiple_bindings for an explanation.
SLF4J: Actual binding is of type [ch.qos.logback.classic.util.ContextSelectorStaticBinder]
org.eclipse.m2e.logback.configuration: Initializing logback
[org.eclipse.jdt.ui] error can't determine modifiers of missing type org.eclipse.pde.internal.ui.wizards.imports.PluginImportHelper
when weaving type org.eclipse.jdt.internal.ui.packageview.PackageExplorerPart
when weaving classes 
when weaving 
 [Xlint:cantFindType]
[org.eclipse.jdt.core] error can't determine modifiers of missing type org.eclipse.pde.internal.ui.wizards.imports.PluginImportHelper
when weaving type org.eclipse.jdt.core.WorkingCopyOwner
when weaving classes 
when weaving 
 [Xlint:cantFindType]
[org.scala-ide.sdt.aspects] error can't determine modifiers of missing type org.eclipse.pde.internal.ui.wizards.imports.PluginImportHelper
when weaving type scala.tools.eclipse.contribution.weaving.jdt.ScalaJDTWeavingPlugin
when weaving classes 
when weaving 
 [Xlint:cantFindType]
*** BUG ***
In pixman_region32_init_rect: Invalid rectangle passed
Set a breakpoint on '_pixman_log_error' to debug

*** BUG ***
In pixman_region32_init_rect: Invalid rectangle passed
Set a breakpoint on '_pixman_log_error' to debug

*** BUG ***
In pixman_region32_init_rect: Invalid rectangle passed
Set a breakpoint on '_pixman_log_error' to debug

*** BUG ***
In pixman_region32_init_rect: Invalid rectangle passed
Set a breakpoint on '_pixman_log_error' to debug

*** BUG ***
In pixman_region32_init_rect: Invalid rectangle passed
Set a breakpoint on '_pixman_log_error' to debug

*** BUG ***
In pixman_region32_init_rect: Invalid rectangle passed
Set a breakpoint on '_pixman_log_error' to debug

*** BUG ***
In pixman_region32_init_rect: Invalid rectangle passed
Set a breakpoint on '_pixman_log_error' to debug

*** BUG ***
In pixman_region32_init_rect: Invalid rectangle passed
Set a breakpoint on '_pixman_log_error' to debug

*** BUG ***
In pixman_region32_init_rect: Invalid rectangle passed
Set a breakpoint on '_pixman_log_error' to debug


(eclipse:21403): Gdk-WARNING **: eclipse: Fatal IO error 0 (Success) on X server localhost:14.0.

